[     426ms] Error: Hydration failed because the server rendered HTML didn't match the client. As a result this tree will be regenerated on the client. This can happen if a SSR-ed Client Component used:

- A server/client branch `if (typeof window !== 'undefined')`.
- Variable input such as `Date.now()` or `Math.random()` which changes each time it's called.
- Date formatting in a user's locale which doesn't match the server.
- External changing data without sending a snapshot of it along with the HTML.
- Invalid HTML tag nesting.

It can also happen if the client has a browser extension installed which messes with the HTML before React loaded.

https://react.dev/link/hydration-mismatch

  ...
    <CatchBoundaryImpl getResetKey={function getResetKey} onCatch={function onCatch}>
      <SafeFragment fallback={function fallback}>
        <MatchInnerImpl matchId="__root__/">
          <RootLayout>
            <html lang="en" suppressHydrationWarning={true}>
              <head>
              <body suppressHydrationWarning={true}>
                <QueryClientProvider client={{}}>
                  <ThemeProvider>
                    <PostHogProvider>
                      <PostHogProvider client={{...}}>
                        <SuspendedPostHogPageView>
                        <LayoutContent>
                          <OutletImpl>
                            <Suspense fallback={null}>
-                             <script>
                ...

    at throwOnHydrationMismatch (http://localhost:3000/node_modules/.vite/deps/react-dom_client.js?v=38de95ef:3920:13)
    at popHydrationState (http://localhost:3000/node_modules/.vite/deps/react-dom_client.js?v=38de95ef:4028:11)
    at completeWork (http://localhost:3000/node_modules/.vite/deps/react-dom_client.js?v=38de95ef:9193:30)
    at runWithFiberInDEV (http://localhost:3000/node_modules/.vite/deps/react-dom_client.js?v=38de95ef:997:72)
    at completeUnitOfWork (http://localhost:3000/node_modules/.vite/deps/react-dom_client.js?v=38de95ef:12669:22)
    at performUnitOfWork (http://localhost:3000/node_modules/.vite/deps/react-dom_client.js?v=38de95ef:12575:29)
    at workLoopConcurrentByScheduler (http://localhost:3000/node_modules/.vite/deps/react-dom_client.js?v=38de95ef:12557:11)
    at renderRootConcurrent (http://localhost:3000/node_modules/.vite/deps/react-dom_client.js?v=38de95ef:12539:71)
    at performWorkOnRoot (http://localhost:3000/node_modules/.vite/deps/react-dom_client.js?v=38de95ef:11766:152)
    at performWorkOnRootViaSchedulerTask (http://localhost:3000/node_modules/.vite/deps/react-dom_client.js?v=38de95ef:13505:9)
    at MessagePort.performWorkUntilDeadline (http://localhost:3000/node_modules/.vite/deps/react-dom_client.js?v=38de95ef:36:50)
[     473ms] [WARNING] You may test your Stripe.js integration over HTTP. However, live Stripe.js integrations must use HTTPS. @ http://localhost:3000/node_modules/.vite/deps/@sentry_tanstackstart-react.js?v=38de95ef:7010
